<?xml version="1.0" encoding="UTF-8"?>
<!-- Generated by org.testng.reporters.JUnitXMLReporter -->
<testsuite ignored="16" hostname="DESKTOP-J4MDNS6" failures="0" tests="1" name="Default test" time="36.389" errors="0" timestamp="2022-06-02T21:01:46 EDT">
  <testcase classname="testingClass_51Cases.homePageTests" name="HomeArrivalsAddToBasketItemsCheckoutPaymentGatewayPlaceOrder" time="29.055"/>
  <testcase classname="testingClass_51Cases.homePageTests" name="HomeArrivalsAddToBasketItemsCoupon" time="0.0">
    <ignored/>
  </testcase> <!-- HomeArrivalsAddToBasketItemsCoupon -->
  <testcase classname="testingClass_51Cases.homePageTests" name="HomePageArrivalsAddToBasketWithMoreBooks" time="0.0">
    <ignored/>
  </testcase> <!-- HomePageArrivalsAddToBasketWithMoreBooks -->
  <testcase classname="testingClass_51Cases.homePageTests" name="homePageArrivalsImagesReviews" time="0.0">
    <ignored/>
  </testcase> <!-- homePageArrivalsImagesReviews -->
  <testcase classname="testingClass_51Cases.homePageTests" name="HomePageArrivalsImagesDescription" time="0.0">
    <ignored/>
  </testcase> <!-- HomePageArrivalsImagesDescription -->
  <testcase classname="testingClass_51Cases.homePageTests" name="HomeArrivalsAddToBasketItemsCheckoutFunctionality" time="0.0">
    <ignored/>
  </testcase> <!-- HomeArrivalsAddToBasketItemsCheckoutFunctionality -->
  <testcase classname="testingClass_51Cases.homePageTests" name="HomeArrivalsAddToBasketItemsCheckoutTotalSubtotalcondition" time="0.0">
    <ignored/>
  </testcase> <!-- HomeArrivalsAddToBasketItemsCheckoutTotalSubtotalcondition -->
  <testcase classname="testingClass_51Cases.homePageTests" name="HomeArrivalsAddToBasketItemsAddbook" time="0.0">
    <ignored/>
  </testcase> <!-- HomeArrivalsAddToBasketItemsAddbook -->
  <testcase classname="testingClass_51Cases.homePageTests" name="HomePageWithThreeSlidersOnly" time="0.0">
    <ignored/>
  </testcase> <!-- HomePageWithThreeSlidersOnly -->
  <testcase classname="testingClass_51Cases.homePageTests" name="HomeArrivalsAddToBasketItemsRemoveBook" time="0.0">
    <ignored/>
  </testcase> <!-- HomeArrivalsAddToBasketItemsRemoveBook -->
  <testcase classname="testingClass_51Cases.homePageTests" name="HomePageImagesArrivalsShouldNavigate" time="0.0">
    <ignored/>
  </testcase> <!-- HomePageImagesArrivalsShouldNavigate -->
  <testcase classname="testingClass_51Cases.homePageTests" name="HomeArrivalsAddToBasketItemsCheckoutBookFinalPrice" time="0.0">
    <ignored/>
  </testcase> <!-- HomeArrivalsAddToBasketItemsCheckoutBookFinalPrice -->
  <testcase classname="testingClass_51Cases.homePageTests" name="HomeArrivalsAddToBasketItemsCouponValueLessthan450" time="0.0">
    <ignored/>
  </testcase> <!-- HomeArrivalsAddToBasketItemsCouponValueLessthan450 -->
  <testcase classname="testingClass_51Cases.homePageTests" name="homePageArrivalsAddToBasket" time="0.0">
    <ignored/>
  </testcase> <!-- homePageArrivalsAddToBasket -->
  <testcase classname="testingClass_51Cases.homePageTests" name="HomePageWithThreeArrivalsOnly" time="0.0">
    <ignored/>
  </testcase> <!-- HomePageWithThreeArrivalsOnly -->
  <testcase classname="testingClass_51Cases.homePageTests" name="HomeArrivalsAddToBasketItems" time="0.0">
    <ignored/>
  </testcase> <!-- HomeArrivalsAddToBasketItems -->
  <testcase classname="testingClass_51Cases.homePageTests" name="HomeArrivalsAddToBasketItemsCheckoutPaymentGateway" time="0.0">
    <ignored/>
  </testcase> <!-- HomeArrivalsAddToBasketItemsCheckoutPaymentGateway -->
</testsuite> <!-- Default test -->
