<?xml version="1.0" encoding="UTF-8"?>
<testng-results ignored="16" total="17" passed="1" failed="0" skipped="0">
  <reporter-output>
  </reporter-output>
  <suite started-at="2022-06-02T21:01:10 EDT" name="Default suite" finished-at="2022-06-02T21:01:46 EDT" duration-ms="36389">
    <groups>
    </groups>
    <test started-at="2022-06-02T21:01:10 EDT" name="Default test" finished-at="2022-06-02T21:01:46 EDT" duration-ms="36389">
      <class name="testingClass_51Cases.homePageTests">
        <test-method is-config="true" signature="setUp()[pri:0, instance:testingClass_51Cases.homePageTests@35c09b94]" started-at="2022-06-02T21:01:10 EDT" name="setUp" finished-at="2022-06-02T21:01:17 EDT" duration-ms="7109" status="PASS">
          <reporter-output>
          </reporter-output>
        </test-method> <!-- setUp -->
        <test-method signature="HomeArrivalsAddToBasketItemsCheckoutPaymentGatewayPlaceOrder()[pri:0, instance:testingClass_51Cases.homePageTests@35c09b94]" started-at="2022-06-02T21:01:17 EDT" name="HomeArrivalsAddToBasketItemsCheckoutPaymentGatewayPlaceOrder" finished-at="2022-06-02T21:01:46 EDT" duration-ms="29055" status="PASS">
          <reporter-output>
          </reporter-output>
        </test-method> <!-- HomeArrivalsAddToBasketItemsCheckoutPaymentGatewayPlaceOrder -->
        <test-method is-config="true" signature="tearDown()[pri:0, instance:testingClass_51Cases.homePageTests@35c09b94]" started-at="2022-06-02T21:01:46 EDT" name="tearDown" finished-at="2022-06-02T21:01:46 EDT" duration-ms="159" status="PASS">
          <reporter-output>
          </reporter-output>
        </test-method> <!-- tearDown -->
      </class> <!-- testingClass_51Cases.homePageTests -->
    </test> <!-- Default test -->
  </suite> <!-- Default suite -->
</testng-results>
